2014-08-10 01:53:03 Error: [MissingControllerException] Controller class LoginController could not be found.
Exception Attributes: array (
  'class' => 'LoginController',
  'plugin' => NULL,
)
Request URL: /sesiones/login
Stack Trace:
#0 /Users/familia/software/minec/app/webroot/index.php(108): Dispatcher->dispatch(Object(CakeRequest), Object(CakeResponse))
#1 {main}
2014-08-10 01:53:25 Error: [MissingControllerException] Controller class LoginController could not be found.
Exception Attributes: array (
  'class' => 'LoginController',
  'plugin' => NULL,
)
Request URL: /sesiones/login
Stack Trace:
#0 /Users/familia/software/minec/app/webroot/index.php(108): Dispatcher->dispatch(Object(CakeRequest), Object(CakeResponse))
#1 {main}
2014-08-10 01:53:44 Error: [MissingControllerException] Controller class LoginController could not be found.
Exception Attributes: array (
  'class' => 'LoginController',
  'plugin' => NULL,
)
Request URL: /sesiones/login
Stack Trace:
#0 /Users/familia/software/minec/app/webroot/index.php(108): Dispatcher->dispatch(Object(CakeRequest), Object(CakeResponse))
#1 {main}
2014-08-10 01:53:47 Error: [MissingControllerException] Controller class LoginController could not be found.
Exception Attributes: array (
  'class' => 'LoginController',
  'plugin' => NULL,
)
Request URL: /sesiones/login
Stack Trace:
#0 /Users/familia/software/minec/app/webroot/index.php(108): Dispatcher->dispatch(Object(CakeRequest), Object(CakeResponse))
#1 {main}
2014-08-10 01:53:55 Error: [MissingControllerException] Controller class SesionesController could not be found.
Exception Attributes: array (
  'class' => 'SesionesController',
  'plugin' => NULL,
)
Request URL: /sesiones/login
Stack Trace:
#0 /Users/familia/software/minec/app/webroot/index.php(108): Dispatcher->dispatch(Object(CakeRequest), Object(CakeResponse))
#1 {main}
2014-08-10 01:53:57 Error: [MissingControllerException] Controller class SesionesController could not be found.
Exception Attributes: array (
  'class' => 'SesionesController',
  'plugin' => NULL,
)
Request URL: /sesiones/login
Stack Trace:
#0 /Users/familia/software/minec/app/webroot/index.php(108): Dispatcher->dispatch(Object(CakeRequest), Object(CakeResponse))
#1 {main}
2014-08-10 01:53:59 Error: [MissingControllerException] Controller class SesionesController could not be found.
Exception Attributes: array (
  'class' => 'SesionesController',
  'plugin' => NULL,
)
Request URL: /sesiones/login
Stack Trace:
#0 /Users/familia/software/minec/app/webroot/index.php(108): Dispatcher->dispatch(Object(CakeRequest), Object(CakeResponse))
#1 {main}
2014-08-10 02:09:12 Error: [MissingActionException] Action SesionesController::recuperar() could not be found.
Exception Attributes: array (
  'controller' => 'SesionesController',
  'action' => 'recuperar',
)
Request URL: /sesiones/recuperar
Stack Trace:
#0 /Users/familia/software/minec/lib/Cake/Routing/Dispatcher.php(191): Controller->invokeAction(Object(CakeRequest))
#1 /Users/familia/software/minec/lib/Cake/Routing/Dispatcher.php(165): Dispatcher->_invoke(Object(SesionesController), Object(CakeRequest))
#2 /Users/familia/software/minec/app/webroot/index.php(108): Dispatcher->dispatch(Object(CakeRequest), Object(CakeResponse))
#3 {main}
2014-08-10 02:22:17 Error: Fatal Error (4): syntax error, unexpected '=>' (T_DOUBLE_ARROW) in [/Users/familia/software/minec/app/Controller/SesionesController.php, line 18]
2014-08-10 02:22:17 Error: [FatalErrorException] syntax error, unexpected '=>' (T_DOUBLE_ARROW)
Request URL: /sesiones/login
Stack Trace:
#0 /Users/familia/software/minec/lib/Cake/Error/ErrorHandler.php(203): ErrorHandler::handleFatalError(4, 'syntax error, u...', '/Users/familia/...', 18)
#1 [internal function]: ErrorHandler::handleError(4, 'syntax error, u...', '/Users/familia/...', 18, Array)
#2 /Users/familia/software/minec/lib/Cake/Core/App.php(931): call_user_func('ErrorHandler::h...', 4, 'syntax error, u...', '/Users/familia/...', 18, Array)
#3 /Users/familia/software/minec/lib/Cake/Core/App.php(904): App::_checkFatalError()
#4 [internal function]: App::shutdown()
#5 {main}
2014-08-10 02:22:20 Error: Fatal Error (4): syntax error, unexpected '=>' (T_DOUBLE_ARROW) in [/Users/familia/software/minec/app/Controller/SesionesController.php, line 18]
2014-08-10 02:22:20 Error: [FatalErrorException] syntax error, unexpected '=>' (T_DOUBLE_ARROW)
Request URL: /sesiones/login
Stack Trace:
#0 /Users/familia/software/minec/lib/Cake/Error/ErrorHandler.php(203): ErrorHandler::handleFatalError(4, 'syntax error, u...', '/Users/familia/...', 18)
#1 [internal function]: ErrorHandler::handleError(4, 'syntax error, u...', '/Users/familia/...', 18, Array)
#2 /Users/familia/software/minec/lib/Cake/Core/App.php(931): call_user_func('ErrorHandler::h...', 4, 'syntax error, u...', '/Users/familia/...', 18, Array)
#3 /Users/familia/software/minec/lib/Cake/Core/App.php(904): App::_checkFatalError()
#4 [internal function]: App::shutdown()
#5 {main}
2014-08-10 03:02:03 Error: [MissingViewException] View file "/Users/familia/software/minec/app/View/Usuarios/admin_index.ctp" is missing.
Exception Attributes: array (
  'file' => '/Users/familia/software/minec/app/View/Usuarios/admin_index.ctp',
)
Request URL: /admin/usuarios/
Stack Trace:
#0 /Users/familia/software/minec/lib/Cake/View/View.php(468): View->_getViewFileName(NULL)
#1 /Users/familia/software/minec/lib/Cake/Controller/Controller.php(954): View->render(NULL, NULL)
#2 /Users/familia/software/minec/lib/Cake/Routing/Dispatcher.php(198): Controller->render()
#3 /Users/familia/software/minec/lib/Cake/Routing/Dispatcher.php(165): Dispatcher->_invoke(Object(UsuariosController), Object(CakeRequest))
#4 /Users/familia/software/minec/app/webroot/index.php(108): Dispatcher->dispatch(Object(CakeRequest), Object(CakeResponse))
#5 {main}
2014-08-10 03:02:19 Error: [MissingViewException] View file "/Users/familia/software/minec/app/View/Usuarios/admin_index.ctp" is missing.
Exception Attributes: array (
  'file' => '/Users/familia/software/minec/app/View/Usuarios/admin_index.ctp',
)
Request URL: /admin/usuarios/
Stack Trace:
#0 /Users/familia/software/minec/lib/Cake/View/View.php(468): View->_getViewFileName(NULL)
#1 /Users/familia/software/minec/lib/Cake/Controller/Controller.php(954): View->render(NULL, NULL)
#2 /Users/familia/software/minec/lib/Cake/Routing/Dispatcher.php(198): Controller->render()
#3 /Users/familia/software/minec/lib/Cake/Routing/Dispatcher.php(165): Dispatcher->_invoke(Object(UsuariosController), Object(CakeRequest))
#4 /Users/familia/software/minec/app/webroot/index.php(108): Dispatcher->dispatch(Object(CakeRequest), Object(CakeResponse))
#5 {main}
2014-08-10 03:07:42 Error: [MissingViewException] View file "/Users/familia/software/minec/app/View/Usuarios/admin_index.ctp" is missing.
Exception Attributes: array (
  'file' => '/Users/familia/software/minec/app/View/Usuarios/admin_index.ctp',
)
Request URL: /admin/usuarios/
Stack Trace:
#0 /Users/familia/software/minec/lib/Cake/View/View.php(468): View->_getViewFileName(NULL)
#1 /Users/familia/software/minec/lib/Cake/Controller/Controller.php(954): View->render(NULL, NULL)
#2 /Users/familia/software/minec/lib/Cake/Routing/Dispatcher.php(198): Controller->render()
#3 /Users/familia/software/minec/lib/Cake/Routing/Dispatcher.php(165): Dispatcher->_invoke(Object(UsuariosController), Object(CakeRequest))
#4 /Users/familia/software/minec/app/webroot/index.php(108): Dispatcher->dispatch(Object(CakeRequest), Object(CakeResponse))
#5 {main}
2014-08-10 03:30:11 Error: [MissingActionException] Action PagesController::admin_display() could not be found.
Exception Attributes: array (
  'controller' => 'PagesController',
  'action' => 'admin_display',
)
Request URL: /admin/pages/display/home
Stack Trace:
#0 /Users/familia/software/minec/lib/Cake/Routing/Dispatcher.php(191): Controller->invokeAction(Object(CakeRequest))
#1 /Users/familia/software/minec/lib/Cake/Routing/Dispatcher.php(165): Dispatcher->_invoke(Object(PagesController), Object(CakeRequest))
#2 /Users/familia/software/minec/app/webroot/index.php(108): Dispatcher->dispatch(Object(CakeRequest), Object(CakeResponse))
#3 {main}
2014-08-10 03:32:56 Error: [MissingControllerException] Controller class AdminController could not be found.
Exception Attributes: array (
  'class' => 'AdminController',
  'plugin' => NULL,
)
Request URL: /admin
Stack Trace:
#0 /Users/familia/software/minec/app/webroot/index.php(108): Dispatcher->dispatch(Object(CakeRequest), Object(CakeResponse))
#1 {main}
2014-08-10 05:41:53 Error: [MissingActionException] Action UsuariosController::admin_index() could not be found.
Exception Attributes: array (
  'controller' => 'UsuariosController',
  'action' => 'admin_index',
)
Request URL: /admin/usuarios/
Stack Trace:
#0 /Users/familia/software/minec/lib/Cake/Routing/Dispatcher.php(191): Controller->invokeAction(Object(CakeRequest))
#1 /Users/familia/software/minec/lib/Cake/Routing/Dispatcher.php(165): Dispatcher->_invoke(Object(UsuariosController), Object(CakeRequest))
#2 /Users/familia/software/minec/app/webroot/index.php(108): Dispatcher->dispatch(Object(CakeRequest), Object(CakeResponse))
#3 {main}
2014-08-10 05:44:45 Error: [PDOException] SQLSTATE[23000]: Integrity constraint violation: 1048 Column 'usuario' cannot be null
Request URL: /admin/usuarios/perfil
Stack Trace:
#0 /Users/familia/software/minec/lib/Cake/Model/Datasource/DboSource.php(458): PDOStatement->execute(Array)
#1 /Users/familia/software/minec/lib/Cake/Model/Datasource/DboSource.php(424): DboSource->_execute('INSERT INTO `mi...', Array)
#2 /Users/familia/software/minec/lib/Cake/Model/Datasource/DboSource.php(1012): DboSource->execute('INSERT INTO `mi...')
#3 /Users/familia/software/minec/lib/Cake/Model/Model.php(1850): DboSource->create(Object(AppModel), Array, Array)
#4 /Users/familia/software/minec/app/Controller/UsuariosController.php(35): Model->save(Array)
#5 [internal function]: UsuariosController->admin_perfil()
#6 /Users/familia/software/minec/lib/Cake/Controller/Controller.php(490): ReflectionMethod->invokeArgs(Object(UsuariosController), Array)
#7 /Users/familia/software/minec/lib/Cake/Routing/Dispatcher.php(191): Controller->invokeAction(Object(CakeRequest))
#8 /Users/familia/software/minec/lib/Cake/Routing/Dispatcher.php(165): Dispatcher->_invoke(Object(UsuariosController), Object(CakeRequest))
#9 /Users/familia/software/minec/app/webroot/index.php(108): Dispatcher->dispatch(Object(CakeRequest), Object(CakeResponse))
#10 {main}
2014-08-10 05:45:33 Error: [PDOException] SQLSTATE[23000]: Integrity constraint violation: 1062 Duplicate entry 'rebecamartinez@gmail.com' for key 'correo_electronico_unique'
Request URL: /admin/usuarios/perfil
Stack Trace:
#0 /Users/familia/software/minec/lib/Cake/Model/Datasource/DboSource.php(458): PDOStatement->execute(Array)
#1 /Users/familia/software/minec/lib/Cake/Model/Datasource/DboSource.php(424): DboSource->_execute('INSERT INTO `mi...', Array)
#2 /Users/familia/software/minec/lib/Cake/Model/Datasource/DboSource.php(1012): DboSource->execute('INSERT INTO `mi...')
#3 /Users/familia/software/minec/lib/Cake/Model/Model.php(1850): DboSource->create(Object(AppModel), Array, Array)
#4 /Users/familia/software/minec/app/Controller/UsuariosController.php(17): Model->save(Array)
#5 [internal function]: UsuariosController->admin_perfil()
#6 /Users/familia/software/minec/lib/Cake/Controller/Controller.php(490): ReflectionMethod->invokeArgs(Object(UsuariosController), Array)
#7 /Users/familia/software/minec/lib/Cake/Routing/Dispatcher.php(191): Controller->invokeAction(Object(CakeRequest))
#8 /Users/familia/software/minec/lib/Cake/Routing/Dispatcher.php(165): Dispatcher->_invoke(Object(UsuariosController), Object(CakeRequest))
#9 /Users/familia/software/minec/app/webroot/index.php(108): Dispatcher->dispatch(Object(CakeRequest), Object(CakeResponse))
#10 {main}
2014-08-10 06:08:17 Error: [MissingViewException] View file "/Users/familia/software/minec/app/View/Usuarios/admin_acceso.ctp" is missing.
Exception Attributes: array (
  'file' => '/Users/familia/software/minec/app/View/Usuarios/admin_acceso.ctp',
)
Request URL: /admin/usuarios/acceso/4
Stack Trace:
#0 /Users/familia/software/minec/lib/Cake/View/View.php(468): View->_getViewFileName(NULL)
#1 /Users/familia/software/minec/lib/Cake/Controller/Controller.php(954): View->render(NULL, NULL)
#2 /Users/familia/software/minec/lib/Cake/Routing/Dispatcher.php(198): Controller->render()
#3 /Users/familia/software/minec/lib/Cake/Routing/Dispatcher.php(165): Dispatcher->_invoke(Object(UsuariosController), Object(CakeRequest))
#4 /Users/familia/software/minec/app/webroot/index.php(108): Dispatcher->dispatch(Object(CakeRequest), Object(CakeResponse))
#5 {main}
2014-08-10 06:09:26 Error: [MissingViewException] View file "/Users/familia/software/minec/app/View/Usuarios/admin_acceso.ctp" is missing.
Exception Attributes: array (
  'file' => '/Users/familia/software/minec/app/View/Usuarios/admin_acceso.ctp',
)
Request URL: /admin/usuarios/acceso/4
Stack Trace:
#0 /Users/familia/software/minec/lib/Cake/View/View.php(468): View->_getViewFileName(NULL)
#1 /Users/familia/software/minec/lib/Cake/Controller/Controller.php(954): View->render(NULL, NULL)
#2 /Users/familia/software/minec/lib/Cake/Routing/Dispatcher.php(198): Controller->render()
#3 /Users/familia/software/minec/lib/Cake/Routing/Dispatcher.php(165): Dispatcher->_invoke(Object(UsuariosController), Object(CakeRequest))
#4 /Users/familia/software/minec/app/webroot/index.php(108): Dispatcher->dispatch(Object(CakeRequest), Object(CakeResponse))
#5 {main}
2014-08-10 06:09:53 Error: [MissingViewException] View file "/Users/familia/software/minec/app/View/Usuarios/admin_acceso.ctp" is missing.
Exception Attributes: array (
  'file' => '/Users/familia/software/minec/app/View/Usuarios/admin_acceso.ctp',
)
Request URL: /admin/usuarios/acceso/4
Stack Trace:
#0 /Users/familia/software/minec/lib/Cake/View/View.php(468): View->_getViewFileName(NULL)
#1 /Users/familia/software/minec/lib/Cake/Controller/Controller.php(954): View->render(NULL, NULL)
#2 /Users/familia/software/minec/lib/Cake/Routing/Dispatcher.php(198): Controller->render()
#3 /Users/familia/software/minec/lib/Cake/Routing/Dispatcher.php(165): Dispatcher->_invoke(Object(UsuariosController), Object(CakeRequest))
#4 /Users/familia/software/minec/app/webroot/index.php(108): Dispatcher->dispatch(Object(CakeRequest), Object(CakeResponse))
#5 {main}
2014-08-10 06:11:29 Error: [MissingViewException] View file "/Users/familia/software/minec/app/View/Usuarios/admin_acceso.ctp" is missing.
Exception Attributes: array (
  'file' => '/Users/familia/software/minec/app/View/Usuarios/admin_acceso.ctp',
)
Request URL: /admin/usuarios/acceso/4
Stack Trace:
#0 /Users/familia/software/minec/lib/Cake/View/View.php(468): View->_getViewFileName(NULL)
#1 /Users/familia/software/minec/lib/Cake/Controller/Controller.php(954): View->render(NULL, NULL)
#2 /Users/familia/software/minec/lib/Cake/Routing/Dispatcher.php(198): Controller->render()
#3 /Users/familia/software/minec/lib/Cake/Routing/Dispatcher.php(165): Dispatcher->_invoke(Object(UsuariosController), Object(CakeRequest))
#4 /Users/familia/software/minec/app/webroot/index.php(108): Dispatcher->dispatch(Object(CakeRequest), Object(CakeResponse))
#5 {main}
2014-08-10 06:12:52 Error: [MissingViewException] View file "/Users/familia/software/minec/app/View/Usuarios/admin_acceso.ctp" is missing.
Exception Attributes: array (
  'file' => '/Users/familia/software/minec/app/View/Usuarios/admin_acceso.ctp',
)
Request URL: /admin/usuarios/acceso/4
Stack Trace:
#0 /Users/familia/software/minec/lib/Cake/View/View.php(468): View->_getViewFileName(NULL)
#1 /Users/familia/software/minec/lib/Cake/Controller/Controller.php(954): View->render(NULL, NULL)
#2 /Users/familia/software/minec/lib/Cake/Routing/Dispatcher.php(198): Controller->render()
#3 /Users/familia/software/minec/lib/Cake/Routing/Dispatcher.php(165): Dispatcher->_invoke(Object(UsuariosController), Object(CakeRequest))
#4 /Users/familia/software/minec/app/webroot/index.php(108): Dispatcher->dispatch(Object(CakeRequest), Object(CakeResponse))
#5 {main}
2014-08-10 06:22:48 Error: [MissingTableException] Table usuariomodulos for model Usuariomodulo was not found in datasource default.
Exception Attributes: array (
  'table' => 'usuariomodulos',
  'class' => 'Usuariomodulo',
  'ds' => 'default',
)
Request URL: /admin/usuarios/acceso/4
Stack Trace:
#0 /Users/familia/software/minec/lib/Cake/Model/Model.php(3525): Model->setSource('usuariomodulos')
#1 /Users/familia/software/minec/lib/Cake/Model/Model.php(1365): Model->getDataSource()
#2 /Users/familia/software/minec/lib/Cake/View/Helper/FormHelper.php(215): Model->schema()
#3 /Users/familia/software/minec/lib/Cake/View/Helper/FormHelper.php(468): FormHelper->_introspectModel('Usuariomodulo', 'fields')
#4 /Users/familia/software/minec/app/View/Usuarios/admin_acceso.ctp(18): FormHelper->create('Usuariomodulo')
#5 /Users/familia/software/minec/lib/Cake/View/View.php(948): include('/Users/familia/...')
#6 /Users/familia/software/minec/lib/Cake/View/View.php(910): View->_evaluate('/Users/familia/...', Array)
#7 /Users/familia/software/minec/lib/Cake/View/View.php(471): View->_render('/Users/familia/...')
#8 /Users/familia/software/minec/lib/Cake/Controller/Controller.php(954): View->render(NULL, NULL)
#9 /Users/familia/software/minec/lib/Cake/Routing/Dispatcher.php(198): Controller->render()
#10 /Users/familia/software/minec/lib/Cake/Routing/Dispatcher.php(165): Dispatcher->_invoke(Object(UsuariosController), Object(CakeRequest))
#11 /Users/familia/software/minec/app/webroot/index.php(108): Dispatcher->dispatch(Object(CakeRequest), Object(CakeResponse))
#12 {main}
2014-08-10 06:42:58 Error: [MissingControllerException] Controller class PerfilController could not be found.
Exception Attributes: array (
  'class' => 'PerfilController',
  'plugin' => NULL,
)
Request URL: /admin/perfil/4
Stack Trace:
#0 /Users/familia/software/minec/app/webroot/index.php(108): Dispatcher->dispatch(Object(CakeRequest), Object(CakeResponse))
#1 {main}
2014-08-10 06:44:23 Error: [PDOException] SQLSTATE[23000]: Integrity constraint violation: 1062 Duplicate entry 'rebecamartinez555@gmail.com' for key 'correo_electronico_unique'
Request URL: /admin/usuarios/perfil/4
Stack Trace:
#0 /Users/familia/software/minec/lib/Cake/Model/Datasource/DboSource.php(458): PDOStatement->execute(Array)
#1 /Users/familia/software/minec/lib/Cake/Model/Datasource/DboSource.php(424): DboSource->_execute('INSERT INTO `mi...', Array)
#2 /Users/familia/software/minec/lib/Cake/Model/Datasource/DboSource.php(1012): DboSource->execute('INSERT INTO `mi...')
#3 /Users/familia/software/minec/lib/Cake/Model/Model.php(1850): DboSource->create(Object(AppModel), Array, Array)
#4 /Users/familia/software/minec/app/Controller/UsuariosController.php(52): Model->save(Array)
#5 [internal function]: UsuariosController->admin_perfil('4')
#6 /Users/familia/software/minec/lib/Cake/Controller/Controller.php(490): ReflectionMethod->invokeArgs(Object(UsuariosController), Array)
#7 /Users/familia/software/minec/lib/Cake/Routing/Dispatcher.php(191): Controller->invokeAction(Object(CakeRequest))
#8 /Users/familia/software/minec/lib/Cake/Routing/Dispatcher.php(165): Dispatcher->_invoke(Object(UsuariosController), Object(CakeRequest))
#9 /Users/familia/software/minec/app/webroot/index.php(108): Dispatcher->dispatch(Object(CakeRequest), Object(CakeResponse))
#10 {main}
2014-08-10 06:47:05 Error: [PDOException] SQLSTATE[23000]: Integrity constraint violation: 1062 Duplicate entry 'rebecamartinez555@gmail.com' for key 'correo_electronico_unique'
Request URL: /admin/usuarios/perfil/4
Stack Trace:
#0 /Users/familia/software/minec/lib/Cake/Model/Datasource/DboSource.php(458): PDOStatement->execute(Array)
#1 /Users/familia/software/minec/lib/Cake/Model/Datasource/DboSource.php(424): DboSource->_execute('INSERT INTO `mi...', Array)
#2 /Users/familia/software/minec/lib/Cake/Model/Datasource/DboSource.php(1012): DboSource->execute('INSERT INTO `mi...')
#3 /Users/familia/software/minec/lib/Cake/Model/Model.php(1850): DboSource->create(Object(AppModel), Array, Array)
#4 /Users/familia/software/minec/app/Controller/UsuariosController.php(52): Model->save(Array)
#5 [internal function]: UsuariosController->admin_perfil('4')
#6 /Users/familia/software/minec/lib/Cake/Controller/Controller.php(490): ReflectionMethod->invokeArgs(Object(UsuariosController), Array)
#7 /Users/familia/software/minec/lib/Cake/Routing/Dispatcher.php(191): Controller->invokeAction(Object(CakeRequest))
#8 /Users/familia/software/minec/lib/Cake/Routing/Dispatcher.php(165): Dispatcher->_invoke(Object(UsuariosController), Object(CakeRequest))
#9 /Users/familia/software/minec/app/webroot/index.php(108): Dispatcher->dispatch(Object(CakeRequest), Object(CakeResponse))
#10 {main}
2014-08-13 18:56:14 Error: [MissingConnectionException] Database connection "Mysql" is missing, or could not be created.
Exception Attributes: array (
  'class' => 'Mysql',
  'message' => 'SQLSTATE[HY000] [2002] No such file or directory',
  'enabled' => true,
)
Request URL: /
Stack Trace:
#0 /Users/familia/software/minec/lib/Cake/Model/Datasource/DboSource.php(260): Mysql->connect()
#1 /Users/familia/software/minec/lib/Cake/Model/ConnectionManager.php(105): DboSource->__construct(Array)
#2 /Users/familia/software/minec/lib/Cake/Model/Model.php(3498): ConnectionManager::getDataSource('default')
#3 /Users/familia/software/minec/lib/Cake/Model/Model.php(1136): Model->setDataSource('default')
#4 /Users/familia/software/minec/lib/Cake/Model/Model.php(3525): Model->setSource('usuarios')
#5 /Users/familia/software/minec/lib/Cake/Model/Model.php(1365): Model->getDataSource()
#6 /Users/familia/software/minec/lib/Cake/View/Helper/FormHelper.php(215): Model->schema()
#7 /Users/familia/software/minec/lib/Cake/View/Helper/FormHelper.php(468): FormHelper->_introspectModel('Usuario', 'fields')
#8 /Users/familia/software/minec/app/View/Sesiones/login.ctp(3): FormHelper->create('Usuario', Array)
#9 /Users/familia/software/minec/lib/Cake/View/View.php(948): include('/Users/familia/...')
#10 /Users/familia/software/minec/lib/Cake/View/View.php(910): View->_evaluate('/Users/familia/...', Array)
#11 /Users/familia/software/minec/lib/Cake/View/View.php(471): View->_render('/Users/familia/...')
#12 /Users/familia/software/minec/lib/Cake/Controller/Controller.php(954): View->render(NULL, NULL)
#13 /Users/familia/software/minec/lib/Cake/Routing/Dispatcher.php(198): Controller->render()
#14 /Users/familia/software/minec/lib/Cake/Routing/Dispatcher.php(165): Dispatcher->_invoke(Object(SesionesController), Object(CakeRequest))
#15 /Users/familia/software/minec/app/webroot/index.php(108): Dispatcher->dispatch(Object(CakeRequest), Object(CakeResponse))
#16 {main}
2014-08-13 19:24:42 Error: [MissingControllerException] Controller class CssController could not be found.
Exception Attributes: array (
  'class' => 'CssController',
  'plugin' => NULL,
)
Request URL: /css/valideta.css
Stack Trace:
#0 /Users/familia/software/minec/app/webroot/index.php(108): Dispatcher->dispatch(Object(CakeRequest), Object(CakeResponse))
#1 {main}
2014-08-13 20:36:31 Error: Fatal Error (1): Call to a member function find() on a non-object in [/Users/familia/software/minec/app/Controller/UsuariosController.php, line 181]
2014-08-13 20:36:31 Error: [FatalErrorException] Call to a member function find() on a non-object
Request URL: /admin/usuarios/eliminar/1
Stack Trace:
#0 /Users/familia/software/minec/lib/Cake/Error/ErrorHandler.php(203): ErrorHandler::handleFatalError(1, 'Call to a membe...', '/Users/familia/...', 181)
#1 [internal function]: ErrorHandler::handleError(1, 'Call to a membe...', '/Users/familia/...', 181, Array)
#2 /Users/familia/software/minec/lib/Cake/Core/App.php(931): call_user_func('ErrorHandler::h...', 1, 'Call to a membe...', '/Users/familia/...', 181, Array)
#3 /Users/familia/software/minec/lib/Cake/Core/App.php(904): App::_checkFatalError()
#4 [internal function]: App::shutdown()
#5 {main}
2014-08-13 20:37:17 Error: [MissingTableException] Table criteriotickets for model Criterioticket was not found in datasource default.
Exception Attributes: array (
  'table' => 'criteriotickets',
  'class' => 'Criterioticket',
  'ds' => 'default',
)
Request URL: /admin/usuarios/eliminar/1
Stack Trace:
#0 /Users/familia/software/minec/lib/Cake/Model/Model.php(3525): Model->setSource('criteriotickets')
#1 /Users/familia/software/minec/lib/Cake/Model/Model.php(3040): Model->getDataSource()
#2 /Users/familia/software/minec/lib/Cake/Model/Model.php(2953): Model->_findCount('before', Array)
#3 /Users/familia/software/minec/lib/Cake/Model/Model.php(2888): Model->buildQuery('count', Array)
#4 /Users/familia/software/minec/app/Controller/UsuariosController.php(181): Model->find('count', Array)
#5 [internal function]: UsuariosController->admin_eliminar('1')
#6 /Users/familia/software/minec/lib/Cake/Controller/Controller.php(490): ReflectionMethod->invokeArgs(Object(UsuariosController), Array)
#7 /Users/familia/software/minec/lib/Cake/Routing/Dispatcher.php(191): Controller->invokeAction(Object(CakeRequest))
#8 /Users/familia/software/minec/lib/Cake/Routing/Dispatcher.php(165): Dispatcher->_invoke(Object(UsuariosController), Object(CakeRequest))
#9 /Users/familia/software/minec/app/webroot/index.php(108): Dispatcher->dispatch(Object(CakeRequest), Object(CakeResponse))
#10 {main}
2014-08-13 20:37:58 Error: [MissingTableException] Table criteriotickets for model Criterioticket was not found in datasource default.
Exception Attributes: array (
  'table' => 'criteriotickets',
  'class' => 'Criterioticket',
  'ds' => 'default',
)
Request URL: /admin/usuarios/eliminar/1
Stack Trace:
#0 /Users/familia/software/minec/lib/Cake/Model/Model.php(3525): Model->setSource('criteriotickets')
#1 /Users/familia/software/minec/lib/Cake/Model/Model.php(3040): Model->getDataSource()
#2 /Users/familia/software/minec/lib/Cake/Model/Model.php(2953): Model->_findCount('before', Array)
#3 /Users/familia/software/minec/lib/Cake/Model/Model.php(2888): Model->buildQuery('count', Array)
#4 /Users/familia/software/minec/app/Controller/UsuariosController.php(181): Model->find('count', Array)
#5 [internal function]: UsuariosController->admin_eliminar('1')
#6 /Users/familia/software/minec/lib/Cake/Controller/Controller.php(490): ReflectionMethod->invokeArgs(Object(UsuariosController), Array)
#7 /Users/familia/software/minec/lib/Cake/Routing/Dispatcher.php(191): Controller->invokeAction(Object(CakeRequest))
#8 /Users/familia/software/minec/lib/Cake/Routing/Dispatcher.php(165): Dispatcher->_invoke(Object(UsuariosController), Object(CakeRequest))
#9 /Users/familia/software/minec/app/webroot/index.php(108): Dispatcher->dispatch(Object(CakeRequest), Object(CakeResponse))
#10 {main}
2014-08-13 20:38:30 Error: [MissingTableException] Table criteriotickets for model Criterioticket was not found in datasource default.
Exception Attributes: array (
  'table' => 'criteriotickets',
  'class' => 'Criterioticket',
  'ds' => 'default',
)
Request URL: /admin/usuarios/eliminar/1
Stack Trace:
#0 /Users/familia/software/minec/lib/Cake/Model/Model.php(3525): Model->setSource('criteriotickets')
#1 /Users/familia/software/minec/lib/Cake/Model/Model.php(3040): Model->getDataSource()
#2 /Users/familia/software/minec/lib/Cake/Model/Model.php(2953): Model->_findCount('before', Array)
#3 /Users/familia/software/minec/lib/Cake/Model/Model.php(2888): Model->buildQuery('count', Array)
#4 /Users/familia/software/minec/app/Controller/UsuariosController.php(181): Model->find('count', Array)
#5 [internal function]: UsuariosController->admin_eliminar('1')
#6 /Users/familia/software/minec/lib/Cake/Controller/Controller.php(490): ReflectionMethod->invokeArgs(Object(UsuariosController), Array)
#7 /Users/familia/software/minec/lib/Cake/Routing/Dispatcher.php(191): Controller->invokeAction(Object(CakeRequest))
#8 /Users/familia/software/minec/lib/Cake/Routing/Dispatcher.php(165): Dispatcher->_invoke(Object(UsuariosController), Object(CakeRequest))
#9 /Users/familia/software/minec/app/webroot/index.php(108): Dispatcher->dispatch(Object(CakeRequest), Object(CakeResponse))
#10 {main}
2014-08-13 20:39:42 Error: [MissingTableException] Table criteriotickets for model Criterioticket was not found in datasource default.
Exception Attributes: array (
  'table' => 'criteriotickets',
  'class' => 'Criterioticket',
  'ds' => 'default',
)
Request URL: /admin/usuarios/eliminar/1
Stack Trace:
#0 /Users/familia/software/minec/lib/Cake/Model/Model.php(3525): Model->setSource('criteriotickets')
#1 /Users/familia/software/minec/lib/Cake/Model/Model.php(3040): Model->getDataSource()
#2 /Users/familia/software/minec/lib/Cake/Model/Model.php(2953): Model->_findCount('before', Array)
#3 /Users/familia/software/minec/lib/Cake/Model/Model.php(2888): Model->buildQuery('count', Array)
#4 /Users/familia/software/minec/app/Controller/UsuariosController.php(181): Model->find('count', Array)
#5 [internal function]: UsuariosController->admin_eliminar('1')
#6 /Users/familia/software/minec/lib/Cake/Controller/Controller.php(490): ReflectionMethod->invokeArgs(Object(UsuariosController), Array)
#7 /Users/familia/software/minec/lib/Cake/Routing/Dispatcher.php(191): Controller->invokeAction(Object(CakeRequest))
#8 /Users/familia/software/minec/lib/Cake/Routing/Dispatcher.php(165): Dispatcher->_invoke(Object(UsuariosController), Object(CakeRequest))
#9 /Users/familia/software/minec/app/webroot/index.php(108): Dispatcher->dispatch(Object(CakeRequest), Object(CakeResponse))
#10 {main}
2014-08-13 20:39:45 Error: [MissingTableException] Table criteriotickets for model Criterioticket was not found in datasource default.
Exception Attributes: array (
  'table' => 'criteriotickets',
  'class' => 'Criterioticket',
  'ds' => 'default',
)
Request URL: /admin/usuarios/eliminar/1
Stack Trace:
#0 /Users/familia/software/minec/lib/Cake/Model/Model.php(3525): Model->setSource('criteriotickets')
#1 /Users/familia/software/minec/lib/Cake/Model/Model.php(3040): Model->getDataSource()
#2 /Users/familia/software/minec/lib/Cake/Model/Model.php(2953): Model->_findCount('before', Array)
#3 /Users/familia/software/minec/lib/Cake/Model/Model.php(2888): Model->buildQuery('count', Array)
#4 /Users/familia/software/minec/app/Controller/UsuariosController.php(181): Model->find('count', Array)
#5 [internal function]: UsuariosController->admin_eliminar('1')
#6 /Users/familia/software/minec/lib/Cake/Controller/Controller.php(490): ReflectionMethod->invokeArgs(Object(UsuariosController), Array)
#7 /Users/familia/software/minec/lib/Cake/Routing/Dispatcher.php(191): Controller->invokeAction(Object(CakeRequest))
#8 /Users/familia/software/minec/lib/Cake/Routing/Dispatcher.php(165): Dispatcher->_invoke(Object(UsuariosController), Object(CakeRequest))
#9 /Users/familia/software/minec/app/webroot/index.php(108): Dispatcher->dispatch(Object(CakeRequest), Object(CakeResponse))
#10 {main}
2014-08-13 20:39:46 Error: [MissingTableException] Table criteriotickets for model Criterioticket was not found in datasource default.
Exception Attributes: array (
  'table' => 'criteriotickets',
  'class' => 'Criterioticket',
  'ds' => 'default',
)
Request URL: /admin/usuarios/eliminar/1
Stack Trace:
#0 /Users/familia/software/minec/lib/Cake/Model/Model.php(3525): Model->setSource('criteriotickets')
#1 /Users/familia/software/minec/lib/Cake/Model/Model.php(3040): Model->getDataSource()
#2 /Users/familia/software/minec/lib/Cake/Model/Model.php(2953): Model->_findCount('before', Array)
#3 /Users/familia/software/minec/lib/Cake/Model/Model.php(2888): Model->buildQuery('count', Array)
#4 /Users/familia/software/minec/app/Controller/UsuariosController.php(181): Model->find('count', Array)
#5 [internal function]: UsuariosController->admin_eliminar('1')
#6 /Users/familia/software/minec/lib/Cake/Controller/Controller.php(490): ReflectionMethod->invokeArgs(Object(UsuariosController), Array)
#7 /Users/familia/software/minec/lib/Cake/Routing/Dispatcher.php(191): Controller->invokeAction(Object(CakeRequest))
#8 /Users/familia/software/minec/lib/Cake/Routing/Dispatcher.php(165): Dispatcher->_invoke(Object(UsuariosController), Object(CakeRequest))
#9 /Users/familia/software/minec/app/webroot/index.php(108): Dispatcher->dispatch(Object(CakeRequest), Object(CakeResponse))
#10 {main}
2014-08-13 20:39:47 Error: [MissingTableException] Table criteriotickets for model Criterioticket was not found in datasource default.
Exception Attributes: array (
  'table' => 'criteriotickets',
  'class' => 'Criterioticket',
  'ds' => 'default',
)
Request URL: /admin/usuarios/eliminar/1
Stack Trace:
#0 /Users/familia/software/minec/lib/Cake/Model/Model.php(3525): Model->setSource('criteriotickets')
#1 /Users/familia/software/minec/lib/Cake/Model/Model.php(3040): Model->getDataSource()
#2 /Users/familia/software/minec/lib/Cake/Model/Model.php(2953): Model->_findCount('before', Array)
#3 /Users/familia/software/minec/lib/Cake/Model/Model.php(2888): Model->buildQuery('count', Array)
#4 /Users/familia/software/minec/app/Controller/UsuariosController.php(181): Model->find('count', Array)
#5 [internal function]: UsuariosController->admin_eliminar('1')
#6 /Users/familia/software/minec/lib/Cake/Controller/Controller.php(490): ReflectionMethod->invokeArgs(Object(UsuariosController), Array)
#7 /Users/familia/software/minec/lib/Cake/Routing/Dispatcher.php(191): Controller->invokeAction(Object(CakeRequest))
#8 /Users/familia/software/minec/lib/Cake/Routing/Dispatcher.php(165): Dispatcher->_invoke(Object(UsuariosController), Object(CakeRequest))
#9 /Users/familia/software/minec/app/webroot/index.php(108): Dispatcher->dispatch(Object(CakeRequest), Object(CakeResponse))
#10 {main}
2014-08-13 20:39:49 Error: [MissingTableException] Table criteriotickets for model Criterioticket was not found in datasource default.
Exception Attributes: array (
  'table' => 'criteriotickets',
  'class' => 'Criterioticket',
  'ds' => 'default',
)
Request URL: /admin/usuarios/eliminar/1
Stack Trace:
#0 /Users/familia/software/minec/lib/Cake/Model/Model.php(3525): Model->setSource('criteriotickets')
#1 /Users/familia/software/minec/lib/Cake/Model/Model.php(3040): Model->getDataSource()
#2 /Users/familia/software/minec/lib/Cake/Model/Model.php(2953): Model->_findCount('before', Array)
#3 /Users/familia/software/minec/lib/Cake/Model/Model.php(2888): Model->buildQuery('count', Array)
#4 /Users/familia/software/minec/app/Controller/UsuariosController.php(181): Model->find('count', Array)
#5 [internal function]: UsuariosController->admin_eliminar('1')
#6 /Users/familia/software/minec/lib/Cake/Controller/Controller.php(490): ReflectionMethod->invokeArgs(Object(UsuariosController), Array)
#7 /Users/familia/software/minec/lib/Cake/Routing/Dispatcher.php(191): Controller->invokeAction(Object(CakeRequest))
#8 /Users/familia/software/minec/lib/Cake/Routing/Dispatcher.php(165): Dispatcher->_invoke(Object(UsuariosController), Object(CakeRequest))
#9 /Users/familia/software/minec/app/webroot/index.php(108): Dispatcher->dispatch(Object(CakeRequest), Object(CakeResponse))
#10 {main}
2014-08-13 20:40:54 Error: [MissingTableException] Table criteriotickets for model Criterioticket was not found in datasource default.
Exception Attributes: array (
  'table' => 'criteriotickets',
  'class' => 'Criterioticket',
  'ds' => 'default',
)
Request URL: /admin/usuarios/eliminar/1
Stack Trace:
#0 /Users/familia/software/minec/lib/Cake/Model/Model.php(3525): Model->setSource('criteriotickets')
#1 /Users/familia/software/minec/lib/Cake/Model/Model.php(3040): Model->getDataSource()
#2 /Users/familia/software/minec/lib/Cake/Model/Model.php(2953): Model->_findCount('before', Array)
#3 /Users/familia/software/minec/lib/Cake/Model/Model.php(2888): Model->buildQuery('count', Array)
#4 /Users/familia/software/minec/app/Controller/UsuariosController.php(181): Model->find('count', Array)
#5 [internal function]: UsuariosController->admin_eliminar('1')
#6 /Users/familia/software/minec/lib/Cake/Controller/Controller.php(490): ReflectionMethod->invokeArgs(Object(UsuariosController), Array)
#7 /Users/familia/software/minec/lib/Cake/Routing/Dispatcher.php(191): Controller->invokeAction(Object(CakeRequest))
#8 /Users/familia/software/minec/lib/Cake/Routing/Dispatcher.php(165): Dispatcher->_invoke(Object(UsuariosController), Object(CakeRequest))
#9 /Users/familia/software/minec/app/webroot/index.php(108): Dispatcher->dispatch(Object(CakeRequest), Object(CakeResponse))
#10 {main}
2014-08-13 20:42:08 Error: [MissingTableException] Table criteriotickets for model Criterioticket was not found in datasource default.
Exception Attributes: array (
  'table' => 'criteriotickets',
  'class' => 'Criterioticket',
  'ds' => 'default',
)
Request URL: /admin/usuarios/eliminar/1
Stack Trace:
#0 /Users/familia/software/minec/lib/Cake/Model/Model.php(3525): Model->setSource('criteriotickets')
#1 /Users/familia/software/minec/lib/Cake/Model/Model.php(3040): Model->getDataSource()
#2 /Users/familia/software/minec/lib/Cake/Model/Model.php(2953): Model->_findCount('before', Array)
#3 /Users/familia/software/minec/lib/Cake/Model/Model.php(2888): Model->buildQuery('count', Array)
#4 /Users/familia/software/minec/app/Controller/UsuariosController.php(181): Model->find('count', Array)
#5 [internal function]: UsuariosController->admin_eliminar('1')
#6 /Users/familia/software/minec/lib/Cake/Controller/Controller.php(490): ReflectionMethod->invokeArgs(Object(UsuariosController), Array)
#7 /Users/familia/software/minec/lib/Cake/Routing/Dispatcher.php(191): Controller->invokeAction(Object(CakeRequest))
#8 /Users/familia/software/minec/lib/Cake/Routing/Dispatcher.php(165): Dispatcher->_invoke(Object(UsuariosController), Object(CakeRequest))
#9 /Users/familia/software/minec/app/webroot/index.php(108): Dispatcher->dispatch(Object(CakeRequest), Object(CakeResponse))
#10 {main}
2014-08-13 20:48:53 Error: [MissingTableException] Table criteriotickets for model Criterioticket was not found in datasource default.
Exception Attributes: array (
  'table' => 'criteriotickets',
  'class' => 'Criterioticket',
  'ds' => 'default',
)
Request URL: /admin/usuarios/eliminar/1
Stack Trace:
#0 /Users/familia/software/minec/lib/Cake/Model/Model.php(3525): Model->setSource('criteriotickets')
#1 /Users/familia/software/minec/lib/Cake/Model/Model.php(3040): Model->getDataSource()
#2 /Users/familia/software/minec/lib/Cake/Model/Model.php(2953): Model->_findCount('before', Array)
#3 /Users/familia/software/minec/lib/Cake/Model/Model.php(2888): Model->buildQuery('count', Array)
#4 /Users/familia/software/minec/app/Controller/UsuariosController.php(181): Model->find('count', Array)
#5 [internal function]: UsuariosController->admin_eliminar('1')
#6 /Users/familia/software/minec/lib/Cake/Controller/Controller.php(490): ReflectionMethod->invokeArgs(Object(UsuariosController), Array)
#7 /Users/familia/software/minec/lib/Cake/Routing/Dispatcher.php(191): Controller->invokeAction(Object(CakeRequest))
#8 /Users/familia/software/minec/lib/Cake/Routing/Dispatcher.php(165): Dispatcher->_invoke(Object(UsuariosController), Object(CakeRequest))
#9 /Users/familia/software/minec/app/webroot/index.php(108): Dispatcher->dispatch(Object(CakeRequest), Object(CakeResponse))
#10 {main}
2014-08-13 20:48:55 Error: [MissingTableException] Table criteriotickets for model Criterioticket was not found in datasource default.
Exception Attributes: array (
  'table' => 'criteriotickets',
  'class' => 'Criterioticket',
  'ds' => 'default',
)
Request URL: /admin/usuarios/eliminar/1
Stack Trace:
#0 /Users/familia/software/minec/lib/Cake/Model/Model.php(3525): Model->setSource('criteriotickets')
#1 /Users/familia/software/minec/lib/Cake/Model/Model.php(3040): Model->getDataSource()
#2 /Users/familia/software/minec/lib/Cake/Model/Model.php(2953): Model->_findCount('before', Array)
#3 /Users/familia/software/minec/lib/Cake/Model/Model.php(2888): Model->buildQuery('count', Array)
#4 /Users/familia/software/minec/app/Controller/UsuariosController.php(181): Model->find('count', Array)
#5 [internal function]: UsuariosController->admin_eliminar('1')
#6 /Users/familia/software/minec/lib/Cake/Controller/Controller.php(490): ReflectionMethod->invokeArgs(Object(UsuariosController), Array)
#7 /Users/familia/software/minec/lib/Cake/Routing/Dispatcher.php(191): Controller->invokeAction(Object(CakeRequest))
#8 /Users/familia/software/minec/lib/Cake/Routing/Dispatcher.php(165): Dispatcher->_invoke(Object(UsuariosController), Object(CakeRequest))
#9 /Users/familia/software/minec/app/webroot/index.php(108): Dispatcher->dispatch(Object(CakeRequest), Object(CakeResponse))
#10 {main}
2014-08-13 20:48:56 Error: [MissingTableException] Table criteriotickets for model Criterioticket was not found in datasource default.
Exception Attributes: array (
  'table' => 'criteriotickets',
  'class' => 'Criterioticket',
  'ds' => 'default',
)
Request URL: /admin/usuarios/eliminar/1
Stack Trace:
#0 /Users/familia/software/minec/lib/Cake/Model/Model.php(3525): Model->setSource('criteriotickets')
#1 /Users/familia/software/minec/lib/Cake/Model/Model.php(3040): Model->getDataSource()
#2 /Users/familia/software/minec/lib/Cake/Model/Model.php(2953): Model->_findCount('before', Array)
#3 /Users/familia/software/minec/lib/Cake/Model/Model.php(2888): Model->buildQuery('count', Array)
#4 /Users/familia/software/minec/app/Controller/UsuariosController.php(181): Model->find('count', Array)
#5 [internal function]: UsuariosController->admin_eliminar('1')
#6 /Users/familia/software/minec/lib/Cake/Controller/Controller.php(490): ReflectionMethod->invokeArgs(Object(UsuariosController), Array)
#7 /Users/familia/software/minec/lib/Cake/Routing/Dispatcher.php(191): Controller->invokeAction(Object(CakeRequest))
#8 /Users/familia/software/minec/lib/Cake/Routing/Dispatcher.php(165): Dispatcher->_invoke(Object(UsuariosController), Object(CakeRequest))
#9 /Users/familia/software/minec/app/webroot/index.php(108): Dispatcher->dispatch(Object(CakeRequest), Object(CakeResponse))
#10 {main}
2014-08-13 20:48:56 Error: [MissingTableException] Table criteriotickets for model Criterioticket was not found in datasource default.
Exception Attributes: array (
  'table' => 'criteriotickets',
  'class' => 'Criterioticket',
  'ds' => 'default',
)
Request URL: /admin/usuarios/eliminar/1
Stack Trace:
#0 /Users/familia/software/minec/lib/Cake/Model/Model.php(3525): Model->setSource('criteriotickets')
#1 /Users/familia/software/minec/lib/Cake/Model/Model.php(3040): Model->getDataSource()
#2 /Users/familia/software/minec/lib/Cake/Model/Model.php(2953): Model->_findCount('before', Array)
#3 /Users/familia/software/minec/lib/Cake/Model/Model.php(2888): Model->buildQuery('count', Array)
#4 /Users/familia/software/minec/app/Controller/UsuariosController.php(181): Model->find('count', Array)
#5 [internal function]: UsuariosController->admin_eliminar('1')
#6 /Users/familia/software/minec/lib/Cake/Controller/Controller.php(490): ReflectionMethod->invokeArgs(Object(UsuariosController), Array)
#7 /Users/familia/software/minec/lib/Cake/Routing/Dispatcher.php(191): Controller->invokeAction(Object(CakeRequest))
#8 /Users/familia/software/minec/lib/Cake/Routing/Dispatcher.php(165): Dispatcher->_invoke(Object(UsuariosController), Object(CakeRequest))
#9 /Users/familia/software/minec/app/webroot/index.php(108): Dispatcher->dispatch(Object(CakeRequest), Object(CakeResponse))
#10 {main}
2014-08-13 20:51:34 Error: [MissingTableException] Table criteriotickets for model Criterioticket was not found in datasource default.
Exception Attributes: array (
  'table' => 'criteriotickets',
  'class' => 'Criterioticket',
  'ds' => 'default',
)
Request URL: /admin/usuarios/eliminar/1
Stack Trace:
#0 /Users/familia/software/minec/lib/Cake/Model/Model.php(3525): Model->setSource('criteriotickets')
#1 /Users/familia/software/minec/lib/Cake/Model/Model.php(3040): Model->getDataSource()
#2 /Users/familia/software/minec/lib/Cake/Model/Model.php(2953): Model->_findCount('before', Array)
#3 /Users/familia/software/minec/lib/Cake/Model/Model.php(2888): Model->buildQuery('count', Array)
#4 /Users/familia/software/minec/app/Controller/UsuariosController.php(181): Model->find('count', Array)
#5 [internal function]: UsuariosController->admin_eliminar('1')
#6 /Users/familia/software/minec/lib/Cake/Controller/Controller.php(490): ReflectionMethod->invokeArgs(Object(UsuariosController), Array)
#7 /Users/familia/software/minec/lib/Cake/Routing/Dispatcher.php(191): Controller->invokeAction(Object(CakeRequest))
#8 /Users/familia/software/minec/lib/Cake/Routing/Dispatcher.php(165): Dispatcher->_invoke(Object(UsuariosController), Object(CakeRequest))
#9 /Users/familia/software/minec/app/webroot/index.php(108): Dispatcher->dispatch(Object(CakeRequest), Object(CakeResponse))
#10 {main}
2014-08-13 20:52:22 Error: [MissingTableException] Table criteriotickets for model Criterioticket was not found in datasource default.
Exception Attributes: array (
  'table' => 'criteriotickets',
  'class' => 'Criterioticket',
  'ds' => 'default',
)
Request URL: /admin/usuarios/eliminar/1
Stack Trace:
#0 /Users/familia/software/minec/lib/Cake/Model/Model.php(3525): Model->setSource('criteriotickets')
#1 /Users/familia/software/minec/lib/Cake/Model/Model.php(3040): Model->getDataSource()
#2 /Users/familia/software/minec/lib/Cake/Model/Model.php(2953): Model->_findCount('before', Array)
#3 /Users/familia/software/minec/lib/Cake/Model/Model.php(2888): Model->buildQuery('count', Array)
#4 /Users/familia/software/minec/app/Controller/UsuariosController.php(181): Model->find('count', Array)
#5 [internal function]: UsuariosController->admin_eliminar('1')
#6 /Users/familia/software/minec/lib/Cake/Controller/Controller.php(490): ReflectionMethod->invokeArgs(Object(UsuariosController), Array)
#7 /Users/familia/software/minec/lib/Cake/Routing/Dispatcher.php(191): Controller->invokeAction(Object(CakeRequest))
#8 /Users/familia/software/minec/lib/Cake/Routing/Dispatcher.php(165): Dispatcher->_invoke(Object(UsuariosController), Object(CakeRequest))
#9 /Users/familia/software/minec/app/webroot/index.php(108): Dispatcher->dispatch(Object(CakeRequest), Object(CakeResponse))
#10 {main}
2014-08-13 20:55:02 Error: [MissingTableException] Table criteriotickets for model Criterioticket was not found in datasource default.
Exception Attributes: array (
  'table' => 'criteriotickets',
  'class' => 'Criterioticket',
  'ds' => 'default',
)
Request URL: /admin/usuarios/eliminar/1
Stack Trace:
#0 /Users/familia/software/minec/lib/Cake/Model/Model.php(3525): Model->setSource('criteriotickets')
#1 /Users/familia/software/minec/lib/Cake/Model/Model.php(3040): Model->getDataSource()
#2 /Users/familia/software/minec/lib/Cake/Model/Model.php(2953): Model->_findCount('before', Array)
#3 /Users/familia/software/minec/lib/Cake/Model/Model.php(2888): Model->buildQuery('count', Array)
#4 /Users/familia/software/minec/app/Controller/UsuariosController.php(182): Model->find('count', Array)
#5 [internal function]: UsuariosController->admin_eliminar('1')
#6 /Users/familia/software/minec/lib/Cake/Controller/Controller.php(490): ReflectionMethod->invokeArgs(Object(UsuariosController), Array)
#7 /Users/familia/software/minec/lib/Cake/Routing/Dispatcher.php(191): Controller->invokeAction(Object(CakeRequest))
#8 /Users/familia/software/minec/lib/Cake/Routing/Dispatcher.php(165): Dispatcher->_invoke(Object(UsuariosController), Object(CakeRequest))
#9 /Users/familia/software/minec/app/webroot/index.php(108): Dispatcher->dispatch(Object(CakeRequest), Object(CakeResponse))
#10 {main}
2014-08-13 20:55:28 Error: [MissingTableException] Table criteriotickets for model Criterioticket was not found in datasource default.
Exception Attributes: array (
  'table' => 'criteriotickets',
  'class' => 'Criterioticket',
  'ds' => 'default',
)
Request URL: /admin/usuarios/eliminar/1
Stack Trace:
#0 /Users/familia/software/minec/lib/Cake/Model/Model.php(3525): Model->setSource('criteriotickets')
#1 /Users/familia/software/minec/lib/Cake/Model/Model.php(3040): Model->getDataSource()
#2 /Users/familia/software/minec/lib/Cake/Model/Model.php(2953): Model->_findCount('before', Array)
#3 /Users/familia/software/minec/lib/Cake/Model/Model.php(2888): Model->buildQuery('count', Array)
#4 /Users/familia/software/minec/app/Controller/UsuariosController.php(182): Model->find('count', Array)
#5 [internal function]: UsuariosController->admin_eliminar('1')
#6 /Users/familia/software/minec/lib/Cake/Controller/Controller.php(490): ReflectionMethod->invokeArgs(Object(UsuariosController), Array)
#7 /Users/familia/software/minec/lib/Cake/Routing/Dispatcher.php(191): Controller->invokeAction(Object(CakeRequest))
#8 /Users/familia/software/minec/lib/Cake/Routing/Dispatcher.php(165): Dispatcher->_invoke(Object(UsuariosController), Object(CakeRequest))
#9 /Users/familia/software/minec/app/webroot/index.php(108): Dispatcher->dispatch(Object(CakeRequest), Object(CakeResponse))
#10 {main}
2014-08-13 20:56:08 Error: [PDOException] SQLSTATE[42S22]: Column not found: 1054 Unknown column 'Criterioticket.person_id' in 'where clause'
Request URL: /admin/usuarios/eliminar/1
Stack Trace:
#0 /Users/familia/software/minec/lib/Cake/Model/Datasource/DboSource.php(458): PDOStatement->execute(Array)
#1 /Users/familia/software/minec/lib/Cake/Model/Datasource/DboSource.php(424): DboSource->_execute('SELECT COUNT(*)...', Array)
#2 /Users/familia/software/minec/lib/Cake/Model/Datasource/DboSource.php(666): DboSource->execute('SELECT COUNT(*)...', Array, Array)
#3 /Users/familia/software/minec/lib/Cake/Model/Datasource/DboSource.php(1106): DboSource->fetchAll('SELECT COUNT(*)...', false)
#4 /Users/familia/software/minec/lib/Cake/Model/Model.php(2921): DboSource->read(Object(AppModel), Array)
#5 /Users/familia/software/minec/lib/Cake/Model/Model.php(2893): Model->_readDataSource('count', Array)
#6 /Users/familia/software/minec/app/Controller/UsuariosController.php(183): Model->find('count', Array)
#7 [internal function]: UsuariosController->admin_eliminar('1')
#8 /Users/familia/software/minec/lib/Cake/Controller/Controller.php(490): ReflectionMethod->invokeArgs(Object(UsuariosController), Array)
#9 /Users/familia/software/minec/lib/Cake/Routing/Dispatcher.php(191): Controller->invokeAction(Object(CakeRequest))
#10 /Users/familia/software/minec/lib/Cake/Routing/Dispatcher.php(165): Dispatcher->_invoke(Object(UsuariosController), Object(CakeRequest))
#11 /Users/familia/software/minec/app/webroot/index.php(108): Dispatcher->dispatch(Object(CakeRequest), Object(CakeResponse))
#12 {main}
2014-08-13 20:59:32 Error: [MissingTableException] Table criteriotickets for model Criterioticket was not found in datasource default.
Exception Attributes: array (
  'table' => 'criteriotickets',
  'class' => 'Criterioticket',
  'ds' => 'default',
)
Request URL: /admin/usuarios/eliminar/1
Stack Trace:
#0 /Users/familia/software/minec/lib/Cake/Model/Model.php(3525): Model->setSource('criteriotickets')
#1 /Users/familia/software/minec/lib/Cake/Model/Model.php(3040): Model->getDataSource()
#2 /Users/familia/software/minec/lib/Cake/Model/Model.php(2953): Model->_findCount('before', Array)
#3 /Users/familia/software/minec/lib/Cake/Model/Model.php(2888): Model->buildQuery('count', Array)
#4 /Users/familia/software/minec/app/Controller/UsuariosController.php(183): Model->find('count', Array)
#5 [internal function]: UsuariosController->admin_eliminar('1')
#6 /Users/familia/software/minec/lib/Cake/Controller/Controller.php(490): ReflectionMethod->invokeArgs(Object(UsuariosController), Array)
#7 /Users/familia/software/minec/lib/Cake/Routing/Dispatcher.php(191): Controller->invokeAction(Object(CakeRequest))
#8 /Users/familia/software/minec/lib/Cake/Routing/Dispatcher.php(165): Dispatcher->_invoke(Object(UsuariosController), Object(CakeRequest))
#9 /Users/familia/software/minec/app/webroot/index.php(108): Dispatcher->dispatch(Object(CakeRequest), Object(CakeResponse))
#10 {main}
2014-08-13 21:00:43 Error: [MissingTableException] Table criteriotickets for model Criterioticket was not found in datasource default.
Exception Attributes: array (
  'table' => 'criteriotickets',
  'class' => 'Criterioticket',
  'ds' => 'default',
)
Request URL: /admin/usuarios/eliminar/1
Stack Trace:
#0 /Users/familia/software/minec/lib/Cake/Model/Model.php(3525): Model->setSource('criteriotickets')
#1 /Users/familia/software/minec/lib/Cake/Model/Model.php(3040): Model->getDataSource()
#2 /Users/familia/software/minec/lib/Cake/Model/Model.php(2953): Model->_findCount('before', Array)
#3 /Users/familia/software/minec/lib/Cake/Model/Model.php(2888): Model->buildQuery('count', Array)
#4 /Users/familia/software/minec/app/Controller/UsuariosController.php(183): Model->find('count', Array)
#5 [internal function]: UsuariosController->admin_eliminar('1')
#6 /Users/familia/software/minec/lib/Cake/Controller/Controller.php(490): ReflectionMethod->invokeArgs(Object(UsuariosController), Array)
#7 /Users/familia/software/minec/lib/Cake/Routing/Dispatcher.php(191): Controller->invokeAction(Object(CakeRequest))
#8 /Users/familia/software/minec/lib/Cake/Routing/Dispatcher.php(165): Dispatcher->_invoke(Object(UsuariosController), Object(CakeRequest))
#9 /Users/familia/software/minec/app/webroot/index.php(108): Dispatcher->dispatch(Object(CakeRequest), Object(CakeResponse))
#10 {main}
2014-08-13 21:04:50 Error: [MissingTableException] Table criteriotickets for model Criterioticket was not found in datasource default.
Exception Attributes: array (
  'table' => 'criteriotickets',
  'class' => 'Criterioticket',
  'ds' => 'default',
)
Request URL: /admin/usuarios/eliminar/1
Stack Trace:
#0 /Users/familia/software/minec/lib/Cake/Model/Model.php(3525): Model->setSource('criteriotickets')
#1 /Users/familia/software/minec/lib/Cake/Model/Model.php(3040): Model->getDataSource()
#2 /Users/familia/software/minec/lib/Cake/Model/Model.php(2953): Model->_findCount('before', Array)
#3 /Users/familia/software/minec/lib/Cake/Model/Model.php(2888): Model->buildQuery('count', Array)
#4 /Users/familia/software/minec/app/Controller/UsuariosController.php(183): Model->find('count', Array)
#5 [internal function]: UsuariosController->admin_eliminar('1')
#6 /Users/familia/software/minec/lib/Cake/Controller/Controller.php(490): ReflectionMethod->invokeArgs(Object(UsuariosController), Array)
#7 /Users/familia/software/minec/lib/Cake/Routing/Dispatcher.php(191): Controller->invokeAction(Object(CakeRequest))
#8 /Users/familia/software/minec/lib/Cake/Routing/Dispatcher.php(165): Dispatcher->_invoke(Object(UsuariosController), Object(CakeRequest))
#9 /Users/familia/software/minec/app/webroot/index.php(108): Dispatcher->dispatch(Object(CakeRequest), Object(CakeResponse))
#10 {main}
2014-08-13 21:10:59 Error: [MissingTableException] Table criteriotickets for model Criterioticket was not found in datasource default.
Exception Attributes: array (
  'table' => 'criteriotickets',
  'class' => 'Criterioticket',
  'ds' => 'default',
)
Request URL: /admin/usuarios/eliminar/1
Stack Trace:
#0 /Users/familia/software/minec/lib/Cake/Model/Model.php(3525): Model->setSource('criteriotickets')
#1 /Users/familia/software/minec/lib/Cake/Model/Model.php(3040): Model->getDataSource()
#2 /Users/familia/software/minec/lib/Cake/Model/Model.php(2953): Model->_findCount('before', Array)
#3 /Users/familia/software/minec/lib/Cake/Model/Model.php(2888): Model->buildQuery('count', Array)
#4 /Users/familia/software/minec/app/Controller/UsuariosController.php(183): Model->find('count', Array)
#5 [internal function]: UsuariosController->admin_eliminar('1')
#6 /Users/familia/software/minec/lib/Cake/Controller/Controller.php(490): ReflectionMethod->invokeArgs(Object(UsuariosController), Array)
#7 /Users/familia/software/minec/lib/Cake/Routing/Dispatcher.php(191): Controller->invokeAction(Object(CakeRequest))
#8 /Users/familia/software/minec/lib/Cake/Routing/Dispatcher.php(165): Dispatcher->_invoke(Object(UsuariosController), Object(CakeRequest))
#9 /Users/familia/software/minec/app/webroot/index.php(108): Dispatcher->dispatch(Object(CakeRequest), Object(CakeResponse))
#10 {main}
2014-08-13 21:11:24 Error: [MissingTableException] Table criteriotickets for model Criterioticket was not found in datasource default.
Exception Attributes: array (
  'table' => 'criteriotickets',
  'class' => 'Criterioticket',
  'ds' => 'default',
)
Request URL: /admin/usuarios/eliminar/1
Stack Trace:
#0 /Users/familia/software/minec/lib/Cake/Model/Model.php(3525): Model->setSource('criteriotickets')
#1 /Users/familia/software/minec/lib/Cake/Model/Model.php(3040): Model->getDataSource()
#2 /Users/familia/software/minec/lib/Cake/Model/Model.php(2953): Model->_findCount('before', Array)
#3 /Users/familia/software/minec/lib/Cake/Model/Model.php(2888): Model->buildQuery('count', Array)
#4 /Users/familia/software/minec/app/Controller/UsuariosController.php(183): Model->find('count', Array)
#5 [internal function]: UsuariosController->admin_eliminar('1')
#6 /Users/familia/software/minec/lib/Cake/Controller/Controller.php(490): ReflectionMethod->invokeArgs(Object(UsuariosController), Array)
#7 /Users/familia/software/minec/lib/Cake/Routing/Dispatcher.php(191): Controller->invokeAction(Object(CakeRequest))
#8 /Users/familia/software/minec/lib/Cake/Routing/Dispatcher.php(165): Dispatcher->_invoke(Object(UsuariosController), Object(CakeRequest))
#9 /Users/familia/software/minec/app/webroot/index.php(108): Dispatcher->dispatch(Object(CakeRequest), Object(CakeResponse))
#10 {main}
2014-08-13 21:14:43 Error: [PDOException] SQLSTATE[42S22]: Column not found: 1054 Unknown column 'person_id' in 'where clause'
Request URL: /admin/usuarios/eliminar/1
Stack Trace:
#0 /Users/familia/software/minec/lib/Cake/Model/Datasource/DboSource.php(458): PDOStatement->execute(Array)
#1 /Users/familia/software/minec/lib/Cake/Model/Datasource/DboSource.php(424): DboSource->_execute('SELECT `Usuario...', Array)
#2 /Users/familia/software/minec/lib/Cake/Model/Datasource/DboSource.php(666): DboSource->execute('SELECT `Usuario...', Array, Array)
#3 /Users/familia/software/minec/lib/Cake/Model/Datasource/DboSource.php(1106): DboSource->fetchAll('SELECT `Usuario...', false)
#4 /Users/familia/software/minec/lib/Cake/Model/Model.php(2921): DboSource->read(Object(AppModel), Array)
#5 /Users/familia/software/minec/lib/Cake/Model/Model.php(2893): Model->_readDataSource('all', Array)
#6 /Users/familia/software/minec/lib/Cake/Model/Model.php(2728): Model->find('all', Array)
#7 /Users/familia/software/minec/app/Controller/UsuariosController.php(186): Model->deleteAll(Array)
#8 [internal function]: UsuariosController->admin_eliminar('1')
#9 /Users/familia/software/minec/lib/Cake/Controller/Controller.php(490): ReflectionMethod->invokeArgs(Object(UsuariosController), Array)
#10 /Users/familia/software/minec/lib/Cake/Routing/Dispatcher.php(191): Controller->invokeAction(Object(CakeRequest))
#11 /Users/familia/software/minec/lib/Cake/Routing/Dispatcher.php(165): Dispatcher->_invoke(Object(UsuariosController), Object(CakeRequest))
#12 /Users/familia/software/minec/app/webroot/index.php(108): Dispatcher->dispatch(Object(CakeRequest), Object(CakeResponse))
#13 {main}
2014-08-13 21:27:32 Error: [MissingTableException] Table criterio_tickets for model CriterioTicket was not found in datasource default.
Exception Attributes: array (
  'table' => 'criterio_tickets',
  'class' => 'CriterioTicket',
  'ds' => 'default',
)
Request URL: /admin/usuarios/eliminar/2
Stack Trace:
#0 /Users/familia/software/minec/lib/Cake/Model/Model.php(3525): Model->setSource('criterio_ticket...')
#1 /Users/familia/software/minec/lib/Cake/Model/Model.php(3040): Model->getDataSource()
#2 /Users/familia/software/minec/lib/Cake/Model/Model.php(2953): Model->_findCount('before', Array)
#3 /Users/familia/software/minec/lib/Cake/Model/Model.php(2888): Model->buildQuery('count', Array)
#4 /Users/familia/software/minec/app/Controller/UsuariosController.php(183): Model->find('count', Array)
#5 [internal function]: UsuariosController->admin_eliminar('2')
#6 /Users/familia/software/minec/lib/Cake/Controller/Controller.php(490): ReflectionMethod->invokeArgs(Object(UsuariosController), Array)
#7 /Users/familia/software/minec/lib/Cake/Routing/Dispatcher.php(191): Controller->invokeAction(Object(CakeRequest))
#8 /Users/familia/software/minec/lib/Cake/Routing/Dispatcher.php(165): Dispatcher->_invoke(Object(UsuariosController), Object(CakeRequest))
#9 /Users/familia/software/minec/app/webroot/index.php(108): Dispatcher->dispatch(Object(CakeRequest), Object(CakeResponse))
#10 {main}
2014-08-13 21:32:05 Error: [MissingTableException] Table criterio_tickets for model CriterioTicket was not found in datasource default.
Exception Attributes: array (
  'table' => 'criterio_tickets',
  'class' => 'CriterioTicket',
  'ds' => 'default',
)
Request URL: /admin/usuarios/eliminar/2
Stack Trace:
#0 /Users/familia/software/minec/lib/Cake/Model/Model.php(3525): Model->setSource('criterio_ticket...')
#1 /Users/familia/software/minec/lib/Cake/Model/Model.php(3040): Model->getDataSource()
#2 /Users/familia/software/minec/lib/Cake/Model/Model.php(2953): Model->_findCount('before', Array)
#3 /Users/familia/software/minec/lib/Cake/Model/Model.php(2888): Model->buildQuery('count', Array)
#4 /Users/familia/software/minec/app/Controller/UsuariosController.php(183): Model->find('count', Array)
#5 [internal function]: UsuariosController->admin_eliminar('2')
#6 /Users/familia/software/minec/lib/Cake/Controller/Controller.php(490): ReflectionMethod->invokeArgs(Object(UsuariosController), Array)
#7 /Users/familia/software/minec/lib/Cake/Routing/Dispatcher.php(191): Controller->invokeAction(Object(CakeRequest))
#8 /Users/familia/software/minec/lib/Cake/Routing/Dispatcher.php(165): Dispatcher->_invoke(Object(UsuariosController), Object(CakeRequest))
#9 /Users/familia/software/minec/app/webroot/index.php(108): Dispatcher->dispatch(Object(CakeRequest), Object(CakeResponse))
#10 {main}
2014-08-13 21:32:26 Error: Fatal Error (1): Call to a member function find() on a non-object in [/Users/familia/software/minec/app/Controller/UsuariosController.php, line 183]
2014-08-13 21:32:26 Error: [FatalErrorException] Call to a member function find() on a non-object
Request URL: /admin/usuarios/eliminar/2
Stack Trace:
#0 /Users/familia/software/minec/lib/Cake/Error/ErrorHandler.php(203): ErrorHandler::handleFatalError(1, 'Call to a membe...', '/Users/familia/...', 183)
#1 [internal function]: ErrorHandler::handleError(1, 'Call to a membe...', '/Users/familia/...', 183, Array)
#2 /Users/familia/software/minec/lib/Cake/Core/App.php(931): call_user_func('ErrorHandler::h...', 1, 'Call to a membe...', '/Users/familia/...', 183, Array)
#3 /Users/familia/software/minec/lib/Cake/Core/App.php(904): App::_checkFatalError()
#4 [internal function]: App::shutdown()
#5 {main}
2014-08-13 23:08:30 Error: [PDOException] SQLSTATE[42S22]: Column not found: 1054 Unknown column 'conditions' in 'where clause'
Request URL: /admin/usuarios/index/sort:correo_electronico/direction:desc
Stack Trace:
#0 /Users/familia/software/minec/lib/Cake/Model/Datasource/DboSource.php(458): PDOStatement->execute(Array)
#1 /Users/familia/software/minec/lib/Cake/Model/Datasource/DboSource.php(424): DboSource->_execute('SELECT `Persona...', Array)
#2 /Users/familia/software/minec/lib/Cake/Model/Datasource/DboSource.php(666): DboSource->execute('SELECT `Persona...', Array, Array)
#3 /Users/familia/software/minec/lib/Cake/Model/Datasource/DboSource.php(1106): DboSource->fetchAll('SELECT `Persona...', false)
#4 /Users/familia/software/minec/lib/Cake/Model/Model.php(2921): DboSource->read(Object(AppModel), Array)
#5 /Users/familia/software/minec/lib/Cake/Model/Model.php(2893): Model->_readDataSource('all', Array)
#6 /Users/familia/software/minec/lib/Cake/Controller/Component/PaginatorComponent.php(196): Model->find('all', Array)
#7 /Users/familia/software/minec/lib/Cake/Controller/Controller.php(1080): PaginatorComponent->paginate(Object(AppModel), Array, Array)
#8 /Users/familia/software/minec/app/Controller/UsuariosController.php(30): Controller->paginate(Object(AppModel), Array)
#9 [internal function]: UsuariosController->admin_index()
#10 /Users/familia/software/minec/lib/Cake/Controller/Controller.php(490): ReflectionMethod->invokeArgs(Object(UsuariosController), Array)
#11 /Users/familia/software/minec/lib/Cake/Routing/Dispatcher.php(191): Controller->invokeAction(Object(CakeRequest))
#12 /Users/familia/software/minec/lib/Cake/Routing/Dispatcher.php(165): Dispatcher->_invoke(Object(UsuariosController), Object(CakeRequest))
#13 /Users/familia/software/minec/app/webroot/index.php(108): Dispatcher->dispatch(Object(CakeRequest), Object(CakeResponse))
#14 {main}
2014-08-13 23:15:05 Error: Fatal Error (4): syntax error, unexpected '"' in [/Users/familia/software/minec/app/Controller/UsuariosController.php, line 13]
2014-08-13 23:15:05 Error: [FatalErrorException] syntax error, unexpected '"'
Request URL: /admin/usuarios/index/sort:correo_electronico/direction:desc
Stack Trace:
#0 /Users/familia/software/minec/lib/Cake/Error/ErrorHandler.php(203): ErrorHandler::handleFatalError(4, 'syntax error, u...', '/Users/familia/...', 13)
#1 [internal function]: ErrorHandler::handleError(4, 'syntax error, u...', '/Users/familia/...', 13, Array)
#2 /Users/familia/software/minec/lib/Cake/Core/App.php(931): call_user_func('ErrorHandler::h...', 4, 'syntax error, u...', '/Users/familia/...', 13, Array)
#3 /Users/familia/software/minec/lib/Cake/Core/App.php(904): App::_checkFatalError()
#4 [internal function]: App::shutdown()
#5 {main}
2014-08-13 23:22:48 Error: [PDOException] SQLSTATE[42S22]: Column not found: 1054 Unknown column 'conditions' in 'where clause'
Request URL: /admin/usuarios/index/sort:correo_electronico/direction:desc
Stack Trace:
#0 /Users/familia/software/minec/lib/Cake/Model/Datasource/DboSource.php(458): PDOStatement->execute(Array)
#1 /Users/familia/software/minec/lib/Cake/Model/Datasource/DboSource.php(424): DboSource->_execute('SELECT `Persona...', Array)
#2 /Users/familia/software/minec/lib/Cake/Model/Datasource/DboSource.php(666): DboSource->execute('SELECT `Persona...', Array, Array)
#3 /Users/familia/software/minec/lib/Cake/Model/Datasource/DboSource.php(1106): DboSource->fetchAll('SELECT `Persona...', false)
#4 /Users/familia/software/minec/lib/Cake/Model/Model.php(2921): DboSource->read(Object(AppModel), Array)
#5 /Users/familia/software/minec/lib/Cake/Model/Model.php(2893): Model->_readDataSource('all', Array)
#6 /Users/familia/software/minec/lib/Cake/Controller/Component/PaginatorComponent.php(196): Model->find('all', Array)
#7 /Users/familia/software/minec/lib/Cake/Controller/Controller.php(1080): PaginatorComponent->paginate(Object(AppModel), Array, Array)
#8 /Users/familia/software/minec/app/Controller/UsuariosController.php(30): Controller->paginate(Object(AppModel), Array)
#9 [internal function]: UsuariosController->admin_index()
#10 /Users/familia/software/minec/lib/Cake/Controller/Controller.php(490): ReflectionMethod->invokeArgs(Object(UsuariosController), Array)
#11 /Users/familia/software/minec/lib/Cake/Routing/Dispatcher.php(191): Controller->invokeAction(Object(CakeRequest))
#12 /Users/familia/software/minec/lib/Cake/Routing/Dispatcher.php(165): Dispatcher->_invoke(Object(UsuariosController), Object(CakeRequest))
#13 /Users/familia/software/minec/app/webroot/index.php(108): Dispatcher->dispatch(Object(CakeRequest), Object(CakeResponse))
#14 {main}
2014-08-13 23:23:04 Error: Fatal Error (1): Call to a member function paginate() on a non-object in [/Users/familia/software/minec/app/Controller/UsuariosController.php, line 30]
2014-08-13 23:23:04 Error: [FatalErrorException] Call to a member function paginate() on a non-object
Request URL: /admin/usuarios/
Stack Trace:
#0 /Users/familia/software/minec/lib/Cake/Error/ErrorHandler.php(203): ErrorHandler::handleFatalError(1, 'Call to a membe...', '/Users/familia/...', 30)
#1 [internal function]: ErrorHandler::handleError(1, 'Call to a membe...', '/Users/familia/...', 30, Array)
#2 /Users/familia/software/minec/lib/Cake/Core/App.php(931): call_user_func('ErrorHandler::h...', 1, 'Call to a membe...', '/Users/familia/...', 30, Array)
#3 /Users/familia/software/minec/lib/Cake/Core/App.php(904): App::_checkFatalError()
#4 [internal function]: App::shutdown()
#5 {main}
2014-08-13 23:23:59 Error: Fatal Error (1): Call to a member function paginate() on a non-object in [/Users/familia/software/minec/app/Controller/UsuariosController.php, line 30]
2014-08-13 23:23:59 Error: [FatalErrorException] Call to a member function paginate() on a non-object
Request URL: /admin/usuarios/
Stack Trace:
#0 /Users/familia/software/minec/lib/Cake/Error/ErrorHandler.php(203): ErrorHandler::handleFatalError(1, 'Call to a membe...', '/Users/familia/...', 30)
#1 [internal function]: ErrorHandler::handleError(1, 'Call to a membe...', '/Users/familia/...', 30, Array)
#2 /Users/familia/software/minec/lib/Cake/Core/App.php(931): call_user_func('ErrorHandler::h...', 1, 'Call to a membe...', '/Users/familia/...', 30, Array)
#3 /Users/familia/software/minec/lib/Cake/Core/App.php(904): App::_checkFatalError()
#4 [internal function]: App::shutdown()
#5 {main}
2014-08-13 23:24:22 Error: [PDOException] SQLSTATE[42S22]: Column not found: 1054 Unknown column 'conditions' in 'where clause'
Request URL: /admin/usuarios/
Stack Trace:
#0 /Users/familia/software/minec/lib/Cake/Model/Datasource/DboSource.php(458): PDOStatement->execute(Array)
#1 /Users/familia/software/minec/lib/Cake/Model/Datasource/DboSource.php(424): DboSource->_execute('SELECT `Persona...', Array)
#2 /Users/familia/software/minec/lib/Cake/Model/Datasource/DboSource.php(666): DboSource->execute('SELECT `Persona...', Array, Array)
#3 /Users/familia/software/minec/lib/Cake/Model/Datasource/DboSource.php(1106): DboSource->fetchAll('SELECT `Persona...', false)
#4 /Users/familia/software/minec/lib/Cake/Model/Model.php(2921): DboSource->read(Object(AppModel), Array)
#5 /Users/familia/software/minec/lib/Cake/Model/Model.php(2893): Model->_readDataSource('all', Array)
#6 /Users/familia/software/minec/lib/Cake/Controller/Component/PaginatorComponent.php(196): Model->find('all', Array)
#7 /Users/familia/software/minec/app/Controller/UsuariosController.php(32): PaginatorComponent->paginate(Object(AppModel), Array)
#8 [internal function]: UsuariosController->admin_index()
#9 /Users/familia/software/minec/lib/Cake/Controller/Controller.php(490): ReflectionMethod->invokeArgs(Object(UsuariosController), Array)
#10 /Users/familia/software/minec/lib/Cake/Routing/Dispatcher.php(191): Controller->invokeAction(Object(CakeRequest))
#11 /Users/familia/software/minec/lib/Cake/Routing/Dispatcher.php(165): Dispatcher->_invoke(Object(UsuariosController), Object(CakeRequest))
#12 /Users/familia/software/minec/app/webroot/index.php(108): Dispatcher->dispatch(Object(CakeRequest), Object(CakeResponse))
#13 {main}
2014-08-13 23:27:54 Error: [PDOException] SQLSTATE[42S22]: Column not found: 1054 Unknown column 'conditions' in 'where clause'
Request URL: /admin/usuarios/
Stack Trace:
#0 /Users/familia/software/minec/lib/Cake/Model/Datasource/DboSource.php(458): PDOStatement->execute(Array)
#1 /Users/familia/software/minec/lib/Cake/Model/Datasource/DboSource.php(424): DboSource->_execute('SELECT `Persona...', Array)
#2 /Users/familia/software/minec/lib/Cake/Model/Datasource/DboSource.php(666): DboSource->execute('SELECT `Persona...', Array, Array)
#3 /Users/familia/software/minec/lib/Cake/Model/Datasource/DboSource.php(1106): DboSource->fetchAll('SELECT `Persona...', false)
#4 /Users/familia/software/minec/lib/Cake/Model/Model.php(2921): DboSource->read(Object(AppModel), Array)
#5 /Users/familia/software/minec/lib/Cake/Model/Model.php(2893): Model->_readDataSource('all', Array)
#6 /Users/familia/software/minec/lib/Cake/Controller/Component/PaginatorComponent.php(196): Model->find('all', Array)
#7 /Users/familia/software/minec/app/Controller/UsuariosController.php(33): PaginatorComponent->paginate(Object(AppModel), Array)
#8 [internal function]: UsuariosController->admin_index()
#9 /Users/familia/software/minec/lib/Cake/Controller/Controller.php(490): ReflectionMethod->invokeArgs(Object(UsuariosController), Array)
#10 /Users/familia/software/minec/lib/Cake/Routing/Dispatcher.php(191): Controller->invokeAction(Object(CakeRequest))
#11 /Users/familia/software/minec/lib/Cake/Routing/Dispatcher.php(165): Dispatcher->_invoke(Object(UsuariosController), Object(CakeRequest))
#12 /Users/familia/software/minec/app/webroot/index.php(108): Dispatcher->dispatch(Object(CakeRequest), Object(CakeResponse))
#13 {main}
2014-08-13 23:32:34 Error: [MissingActionException] Action UsuariosController::admin_rivera() could not be found.
Exception Attributes: array (
  'controller' => 'UsuariosController',
  'action' => 'admin_rivera',
)
Request URL: /admin/usuarios/rivera
Stack Trace:
#0 /Users/familia/software/minec/lib/Cake/Routing/Dispatcher.php(191): Controller->invokeAction(Object(CakeRequest))
#1 /Users/familia/software/minec/lib/Cake/Routing/Dispatcher.php(165): Dispatcher->_invoke(Object(UsuariosController), Object(CakeRequest))
#2 /Users/familia/software/minec/app/webroot/index.php(108): Dispatcher->dispatch(Object(CakeRequest), Object(CakeResponse))
#3 {main}
2014-08-13 23:56:09 Error: [MissingControllerException] Controller class UsuariosindexController could not be found.
Exception Attributes: array (
  'class' => 'UsuariosindexController',
  'plugin' => NULL,
)
Request URL: /admin/usuariosindex/jessica
Stack Trace:
#0 /Users/familia/software/minec/app/webroot/index.php(108): Dispatcher->dispatch(Object(CakeRequest), Object(CakeResponse))
#1 {main}
2014-08-14 00:05:21 Error: [MissingControllerException] Controller class AdminController could not be found.
Exception Attributes: array (
  'class' => 'AdminController',
  'plugin' => NULL,
)
Request URL: /admin/usuarios//david
Stack Trace:
#0 /Users/familia/software/minec/app/webroot/index.php(108): Dispatcher->dispatch(Object(CakeRequest), Object(CakeResponse))
#1 {main}
2014-08-14 00:06:23 Error: [MissingControllerException] Controller class AdminController could not be found.
Exception Attributes: array (
  'class' => 'AdminController',
  'plugin' => NULL,
)
Request URL: /admin
Stack Trace:
#0 /Users/familia/software/minec/app/webroot/index.php(108): Dispatcher->dispatch(Object(CakeRequest), Object(CakeResponse))
#1 {main}
